{
  "stats": {
    "suites": 1,
    "tests": 1,
    "passes": 1,
    "pending": 0,
    "failures": 0,
    "start": "2022-10-07T06:34:46.390Z",
    "end": "2022-10-07T06:34:50.415Z",
    "duration": 4025,
    "testsRegistered": 1,
    "passPercent": 100,
    "pendingPercent": 0,
    "other": 0,
    "hasOther": false,
    "skipped": 0,
    "hasSkipped": false
  },
  "results": [
    {
      "uuid": "8d30c7f1-97fb-449b-8f6d-0736cf383c0d",
      "title": "",
      "fullFile": "cypress\\e2e\\secondTest.spec.js",
      "file": "cypress\\e2e\\secondTest.spec.js",
      "beforeHooks": [],
      "afterHooks": [],
      "tests": [],
      "suites": [
        {
          "uuid": "ae54eddd-d2fd-415a-a2b8-45aab28efef6",
          "title": "Test log out",
          "fullFile": "",
          "file": "",
          "beforeHooks": [],
          "afterHooks": [],
          "tests": [
            {
              "title": "verify use can log out successfully",
              "fullTitle": "Test log out verify use can log out successfully",
              "timedOut": null,
              "duration": 3983,
              "state": "passed",
              "speed": "fast",
              "pass": true,
              "fail": false,
              "pending": false,
              "context": null,
              "code": "cy.contains('Settings').click();\ncy.contains('Or click here to logout').click();\ncy.get('.navbar-nav').should('contain', 'Sign up');",
              "err": {},
              "uuid": "8d38c7ff-7eda-40c6-b0cb-dcf344197958",
              "parentUUID": "ae54eddd-d2fd-415a-a2b8-45aab28efef6",
              "isHook": false,
              "skipped": false
            }
          ],
          "suites": [],
          "passes": [
            "8d38c7ff-7eda-40c6-b0cb-dcf344197958"
          ],
          "failures": [],
          "pending": [],
          "skipped": [],
          "duration": 3983,
          "root": false,
          "rootEmpty": false,
          "_timeout": 2000
        }
      ],
      "passes": [],
      "failures": [],
      "pending": [],
      "skipped": [],
      "duration": 0,
      "root": true,
      "rootEmpty": true,
      "_timeout": 2000
    }
  ],
  "meta": {
    "mocha": {
      "version": "7.0.1"
    },
    "mochawesome": {
      "options": {
        "quiet": false,
        "reportFilename": "mochawesome",
        "saveHtml": false,
        "saveJson": true,
        "consoleReporter": "spec",
        "useInlineDiffs": false,
        "code": true
      },
      "version": "7.1.3"
    },
    "marge": {
      "options": {
        "id": "default",
        "reportDir": "cypress/results/mochawesome",
        "overwrite": false,
        "html": false,
        "json": true
      },
      "version": "6.2.0"
    }
  }
}