{
  "stats": {
    "suites": 1,
    "tests": 1,
    "passes": 1,
    "pending": 0,
    "failures": 0,
    "start": "2022-10-04T02:27:58.731Z",
    "end": "2022-10-04T02:28:07.422Z",
    "duration": 8691,
    "testsRegistered": 1,
    "passPercent": 100,
    "pendingPercent": 0,
    "other": 0,
    "hasOther": false,
    "skipped": 0,
    "hasSkipped": false
  },
  "results": [
    {
      "uuid": "c7de2052-83ef-4b60-8c15-a8f1a08071cb",
      "title": "",
      "fullFile": "cypress\\e2e\\firstTest.spec.js",
      "file": "cypress\\e2e\\firstTest.spec.js",
      "beforeHooks": [],
      "afterHooks": [],
      "tests": [],
      "suites": [
        {
          "uuid": "508fa99a-9a4f-4cd2-bcf0-4178a5d0266f",
          "title": "Test with backend",
          "fullFile": "",
          "file": "",
          "beforeHooks": [],
          "afterHooks": [],
          "tests": [
            {
              "title": "delete article in a global feed",
              "fullTitle": "Test with backend delete article in a global feed",
              "timedOut": null,
              "duration": 8545,
              "state": "passed",
              "speed": "medium",
              "pass": true,
              "fail": false,
              "pending": false,
              "context": null,
              "code": "const userCredentials = {\n  user: {\n    email: \"artem.bondar16@gmail.com\",\n    password: \"CypressTest1\"\n  }\n};\nconst bodyRequest = {\n  article: {\n    tagList: [],\n    title: \"@Sample Title\",\n    description: \"sample description\",\n    body: \"sample body\"\n  }\n}; // ****  used the token request within the test ****\n// cy.request('POST', 'https://api.realworld.io/api/users/login', userCredentials)\n// .its('body').then(body => {\n//     const token = body.user.token;\n//     cy.request({\n//             url: 'https://api.realworld.io/api/articles/',\n//             headers: {'authorization': 'Token '+token},\n//             method: 'POST',\n//             body: bodyRequest\n//         }).then(res => {\n//             expect(res.status).to.equal(200)\n//         });\n//         cy.contains('Global Feed').click();\n//         cy.get('.article-preview').first().click();\n//         cy.get('.article-actions').contains('Delete Article').click()\n//         cy.wait(500);\n//         cy.request({\n//             url: 'https://api.realworld.io/api/articles/?limit=10&offset=0',\n//             headers: {'authorization': 'Token '+token},\n//             method: 'GET',\n//         }).its('body').then(body => {\n//             expect(body.articles[0].title).not.to.equal('@Sample Title');\n//         });\n//     });\n// ****  used the token saved in the localStorage ****\ncy.get('@token').then(token => {\n  cy.request({\n    url: 'https://api.realworld.io/api/articles/',\n    headers: {\n      'authorization': 'Token ' + token\n    },\n    method: 'POST',\n    body: bodyRequest\n  }).then(res => {\n    expect(res.status).to.equal(200);\n  });\n  cy.contains('Global Feed').click();\n  cy.get('.article-preview').first().click();\n  cy.get('.article-actions').contains('Delete Article').click();\n  cy.wait(500);\n  cy.request({\n    url: 'https://api.realworld.io/api/articles/?limit=10&offset=0',\n    headers: {\n      'authorization': 'Token ' + token\n    },\n    method: 'GET'\n  }).its('body').then(body => {\n    expect(body.articles[0].title).not.to.equal('@Sample Title');\n  });\n});",
              "err": {},
              "uuid": "8470e6f8-15c5-42fb-98dd-b17821c357cf",
              "parentUUID": "508fa99a-9a4f-4cd2-bcf0-4178a5d0266f",
              "isHook": false,
              "skipped": false
            }
          ],
          "suites": [],
          "passes": [
            "8470e6f8-15c5-42fb-98dd-b17821c357cf"
          ],
          "failures": [],
          "pending": [],
          "skipped": [],
          "duration": 8545,
          "root": false,
          "rootEmpty": false,
          "_timeout": 2000
        }
      ],
      "passes": [],
      "failures": [],
      "pending": [],
      "skipped": [],
      "duration": 0,
      "root": true,
      "rootEmpty": true,
      "_timeout": 2000
    }
  ],
  "meta": {
    "mocha": {
      "version": "7.0.1"
    },
    "mochawesome": {
      "options": {
        "quiet": false,
        "reportFilename": "mochawesome",
        "saveHtml": false,
        "saveJson": true,
        "consoleReporter": "spec",
        "useInlineDiffs": false,
        "code": true
      },
      "version": "7.1.3"
    },
    "marge": {
      "options": {
        "id": "default",
        "reportDir": "cypress/results/mochawesome",
        "overwrite": false,
        "html": false,
        "json": true
      },
      "version": "6.2.0"
    }
  }
}