<?xml version="1.0" encoding="UTF-8"?>
<testsuites name="Mocha Tests" time="3.983" tests="1" failures="0">
  <testsuite name="Root Suite" timestamp="2022-10-07T06:42:21" tests="0" file="cypress\e2e\secondTest.spec.js" time="0.000" failures="0">
  </testsuite>
  <testsuite name="Test log out" timestamp="2022-10-07T06:42:21" tests="1" time="3.948" failures="0">
    <testcase name="Test log out verify user can log out successfully" time="3.927" classname="verify user can log out successfully">
    </testcase>
  </testsuite>
</testsuites>