<?xml version="1.0" encoding="UTF-8"?>
<testsuites name="Mocha Tests" time="25.680" tests="5" failures="0">
  <testsuite name="Root Suite" timestamp="2022-10-07T06:41:48" tests="0" file="cypress\e2e\firstTest.spec.js" time="0.000" failures="0">
  </testsuite>
  <testsuite name="Test with backend" timestamp="2022-10-07T06:41:48" tests="5" time="25.644" failures="0">
    <testcase name="Test with backend verify correct request and response - Create New Article" time="6.662" classname="verify correct request and response - Create New Article">
    </testcase>
    <testcase name="Test with backend intercept and modify request and response - Create New Article" time="6.053" classname="intercept and modify request and response - Create New Article">
    </testcase>
    <testcase name="Test with backend verify popular tags are displayed" time="2.051" classname="verify popular tags are displayed">
    </testcase>
    <testcase name="Test with backend verify golbal feed" time="3.581" classname="verify golbal feed">
    </testcase>
    <testcase name="Test with backend delete article in a global feed" time="7.108" classname="delete article in a global feed">
    </testcase>
  </testsuite>
</testsuites>