<?xml version="1.0" encoding="UTF-8"?>
<testsuites name="Mocha Tests" time="25.769" tests="5" failures="0">
  <testsuite name="Root Suite" timestamp="2022-10-07T06:34:12" tests="0" file="cypress\e2e\firstTest.spec.js" time="0.000" failures="0">
  </testsuite>
  <testsuite name="Test with backend" timestamp="2022-10-07T06:34:12" tests="5" time="25.738" failures="0">
    <testcase name="Test with backend verify correct request and response" time="7.073" classname="verify correct request and response">
    </testcase>
    <testcase name="Test with backend intercept and modify request and response" time="5.193" classname="intercept and modify request and response">
    </testcase>
    <testcase name="Test with backend verify popular tags are displayed" time="2.457" classname="verify popular tags are displayed">
    </testcase>
    <testcase name="Test with backend verify golbal feed" time="3.077" classname="verify golbal feed">
    </testcase>
    <testcase name="Test with backend delete article in a global feed" time="7.675" classname="delete article in a global feed">
    </testcase>
  </testsuite>
</testsuites>