<?xml version="1.0" encoding="UTF-8"?>
<testsuites name="Mocha Tests" time="4.345" tests="1" failures="0">
  <testsuite name="Root Suite" timestamp="2022-10-07T06:31:09" tests="0" file="cypress\e2e\secondTest.spec.js" time="0.000" failures="0">
  </testsuite>
  <testsuite name="Test log out" timestamp="2022-10-07T06:31:09" tests="1" time="4.322" failures="0">
    <testcase name="Test log out verify use can log out successfully" time="4.256" classname="verify use can log out successfully">
    </testcase>
  </testsuite>
</testsuites>